<?xml version="1.0" encoding="UTF-8"?>
<!-- Generated by org.testng.reporters.JUnitReportReporter -->
<testsuite hostname="DESKTOP-KF9CLLQ" name="example.NewTest" tests="1" failures="0" timestamp="29 Oct 2021 05:27:10 GMT" time="6.186" errors="0">
  <testcase name="testEasy" time="6.186" classname="example.NewTest"/>
</testsuite> <!-- example.NewTest -->
